<?xml version="1.0" encoding="UTF-8"?>
<testsuite name="ro.ovidiuconeac.foodtavern.webservice.components.food.api.FruitsControllerTest" time="0.004" tests="1" errors="1" skipped="0" failures="0">
  <properties>
    <property name="java.runtime.name" value="Java(TM) SE Runtime Environment"/>
    <property name="sun.boot.library.path" value="/home/ovidiu/Developer/jdk1.8.0_121/jre/lib/amd64"/>
    <property name="java.vm.version" value="25.121-b13"/>
    <property name="java.vm.vendor" value="Oracle Corporation"/>
    <property name="maven.multiModuleProjectDirectory" value="/home/ovidiu/Developer/workspace/Spring/FoodTavern"/>
    <property name="java.vendor.url" value="http://java.oracle.com/"/>
    <property name="path.separator" value=":"/>
    <property name="guice.disable.misplaced.annotation.check" value="true"/>
    <property name="java.vm.name" value="Java HotSpot(TM) 64-Bit Server VM"/>
    <property name="file.encoding.pkg" value="sun.io"/>
    <property name="user.country" value="US"/>
    <property name="sun.java.launcher" value="SUN_STANDARD"/>
    <property name="sun.os.patch.level" value="unknown"/>
    <property name="java.vm.specification.name" value="Java Virtual Machine Specification"/>
    <property name="user.dir" value="/home/ovidiu/Developer/workspace/Spring/FoodTavern"/>
    <property name="java.runtime.version" value="1.8.0_121-b13"/>
    <property name="java.awt.graphicsenv" value="sun.awt.X11GraphicsEnvironment"/>
    <property name="java.endorsed.dirs" value="/home/ovidiu/Developer/jdk1.8.0_121/jre/lib/endorsed"/>
    <property name="os.arch" value="amd64"/>
    <property name="java.io.tmpdir" value="/tmp"/>
    <property name="line.separator" value="&#10;"/>
    <property name="java.vm.specification.vendor" value="Oracle Corporation"/>
    <property name="os.name" value="Linux"/>
    <property name="classworlds.conf" value="/usr/share/maven/bin/m2.conf"/>
    <property name="sun.jnu.encoding" value="UTF-8"/>
    <property name="java.library.path" value="/home/ovidiu/Developer/intelij/bin::/usr/java/packages/lib/amd64:/usr/lib64:/lib64:/lib:/usr/lib"/>
    <property name="java.specification.name" value="Java Platform API Specification"/>
    <property name="java.class.version" value="52.0"/>
    <property name="sun.management.compiler" value="HotSpot 64-Bit Tiered Compilers"/>
    <property name="os.version" value="4.10.8-200.fc25.x86_64"/>
    <property name="user.home" value="/home/ovidiu"/>
    <property name="user.timezone" value="Europe/Bucharest"/>
    <property name="java.awt.printerjob" value="sun.print.PSPrinterJob"/>
    <property name="file.encoding" value="UTF-8"/>
    <property name="java.specification.version" value="1.8"/>
    <property name="user.name" value="ovidiu"/>
    <property name="java.class.path" value="/usr/share/maven/boot/plexus-classworlds.jar"/>
    <property name="java.vm.specification.version" value="1.8"/>
    <property name="sun.arch.data.model" value="64"/>
    <property name="java.home" value="/home/ovidiu/Developer/jdk1.8.0_121/jre"/>
    <property name="sun.java.command" value="org.codehaus.plexus.classworlds.launcher.Launcher clean install"/>
    <property name="java.specification.vendor" value="Oracle Corporation"/>
    <property name="user.language" value="en"/>
    <property name="awt.toolkit" value="sun.awt.X11.XToolkit"/>
    <property name="java.vm.info" value="mixed mode"/>
    <property name="java.version" value="1.8.0_121"/>
    <property name="java.ext.dirs" value="/home/ovidiu/Developer/jdk1.8.0_121/jre/lib/ext:/usr/java/packages/lib/ext"/>
    <property name="sun.boot.class.path" value="/home/ovidiu/Developer/jdk1.8.0_121/jre/lib/resources.jar:/home/ovidiu/Developer/jdk1.8.0_121/jre/lib/rt.jar:/home/ovidiu/Developer/jdk1.8.0_121/jre/lib/sunrsasign.jar:/home/ovidiu/Developer/jdk1.8.0_121/jre/lib/jsse.jar:/home/ovidiu/Developer/jdk1.8.0_121/jre/lib/jce.jar:/home/ovidiu/Developer/jdk1.8.0_121/jre/lib/charsets.jar:/home/ovidiu/Developer/jdk1.8.0_121/jre/lib/jfr.jar:/home/ovidiu/Developer/jdk1.8.0_121/jre/classes"/>
    <property name="java.vendor" value="Oracle Corporation"/>
    <property name="maven.home" value="/usr/share/maven"/>
    <property name="file.separator" value="/"/>
    <property name="java.vendor.url.bug" value="http://bugreport.sun.com/bugreport/"/>
    <property name="sun.cpu.endian" value="little"/>
    <property name="sun.io.unicode.encoding" value="UnicodeLittle"/>
    <property name="sun.desktop" value="gnome"/>
    <property name="sun.cpu.isalist" value=""/>
  </properties>
  <testcase name="initializationError" classname="ro.ovidiuconeac.foodtavern.webservice.components.food.api.FruitsControllerTest" time="0.004">
    <error message="Unable to find a @SpringBootConfiguration, you need to use @ContextConfiguration or @SpringBootTest(classes=...) with your test" type="java.lang.IllegalStateException"><![CDATA[java.lang.IllegalStateException: Unable to find a @SpringBootConfiguration, you need to use @ContextConfiguration or @SpringBootTest(classes=...) with your test
	at org.springframework.util.Assert.state(Assert.java:392)
	at org.springframework.boot.test.context.SpringBootTestContextBootstrapper.getOrFindConfigurationClasses(SpringBootTestContextBootstrapper.java:173)
	at org.springframework.boot.test.context.SpringBootTestContextBootstrapper.processMergedContextConfiguration(SpringBootTestContextBootstrapper.java:133)
	at org.springframework.test.context.support.AbstractTestContextBootstrapper.buildMergedContextConfiguration(AbstractTestContextBootstrapper.java:409)
	at org.springframework.test.context.support.AbstractTestContextBootstrapper.buildDefaultMergedContextConfiguration(AbstractTestContextBootstrapper.java:323)
	at org.springframework.test.context.support.AbstractTestContextBootstrapper.buildMergedContextConfiguration(AbstractTestContextBootstrapper.java:277)
	at org.springframework.test.context.support.AbstractTestContextBootstrapper.buildTestContext(AbstractTestContextBootstrapper.java:112)
	at org.springframework.boot.test.context.SpringBootTestContextBootstrapper.buildTestContext(SpringBootTestContextBootstrapper.java:78)
	at org.springframework.test.context.TestContextManager.<init>(TestContextManager.java:120)
	at org.springframework.test.context.TestContextManager.<init>(TestContextManager.java:105)
	at org.springframework.test.context.junit4.SpringJUnit4ClassRunner.createTestContextManager(SpringJUnit4ClassRunner.java:152)
	at org.springframework.test.context.junit4.SpringJUnit4ClassRunner.<init>(SpringJUnit4ClassRunner.java:143)
	at org.springframework.test.context.junit4.SpringRunner.<init>(SpringRunner.java:49)
	at sun.reflect.NativeConstructorAccessorImpl.newInstance0(Native Method)
	at sun.reflect.NativeConstructorAccessorImpl.newInstance(NativeConstructorAccessorImpl.java:62)
	at sun.reflect.DelegatingConstructorAccessorImpl.newInstance(DelegatingConstructorAccessorImpl.java:45)
	at java.lang.reflect.Constructor.newInstance(Constructor.java:423)
	at org.junit.internal.builders.AnnotatedBuilder.buildRunner(AnnotatedBuilder.java:104)
	at org.junit.internal.builders.AnnotatedBuilder.runnerForClass(AnnotatedBuilder.java:86)
	at org.junit.runners.model.RunnerBuilder.safeRunnerForClass(RunnerBuilder.java:59)
	at org.junit.internal.builders.AllDefaultPossibilitiesBuilder.runnerForClass(AllDefaultPossibilitiesBuilder.java:26)
	at org.junit.runners.model.RunnerBuilder.safeRunnerForClass(RunnerBuilder.java:59)
	at org.junit.internal.requests.ClassRequest.getRunner(ClassRequest.java:33)
	at org.apache.maven.surefire.junit4.JUnit4Provider.execute(JUnit4Provider.java:283)
	at org.apache.maven.surefire.junit4.JUnit4Provider.executeWithRerun(JUnit4Provider.java:173)
	at org.apache.maven.surefire.junit4.JUnit4Provider.executeTestSet(JUnit4Provider.java:153)
	at org.apache.maven.surefire.junit4.JUnit4Provider.invoke(JUnit4Provider.java:128)
	at org.apache.maven.surefire.booter.ForkedBooter.invokeProviderInSameClassLoader(ForkedBooter.java:203)
	at org.apache.maven.surefire.booter.ForkedBooter.runSuitesInProcess(ForkedBooter.java:155)
	at org.apache.maven.surefire.booter.ForkedBooter.main(ForkedBooter.java:103)
]]></error>
    <system-out><![CDATA[16:20:44.692 [main] DEBUG org.springframework.test.context.junit4.SpringJUnit4ClassRunner - SpringJUnit4ClassRunner constructor called with [class ro.ovidiuconeac.foodtavern.webservice.components.food.api.FruitsControllerTest]
16:20:44.692 [main] DEBUG org.springframework.test.context.BootstrapUtils - Instantiating CacheAwareContextLoaderDelegate from class [org.springframework.test.context.cache.DefaultCacheAwareContextLoaderDelegate]
16:20:44.692 [main] DEBUG org.springframework.test.context.BootstrapUtils - Instantiating BootstrapContext using constructor [public org.springframework.test.context.support.DefaultBootstrapContext(java.lang.Class,org.springframework.test.context.CacheAwareContextLoaderDelegate)]
16:20:44.693 [main] DEBUG org.springframework.test.context.BootstrapUtils - Instantiating TestContextBootstrapper for test class [ro.ovidiuconeac.foodtavern.webservice.components.food.api.FruitsControllerTest] from class [org.springframework.boot.test.context.SpringBootTestContextBootstrapper]
16:20:44.693 [main] INFO org.springframework.boot.test.context.SpringBootTestContextBootstrapper - Neither @ContextConfiguration nor @ContextHierarchy found for test class [ro.ovidiuconeac.foodtavern.webservice.components.food.api.FruitsControllerTest], using SpringBootContextLoader
16:20:44.693 [main] DEBUG org.springframework.test.context.support.AbstractContextLoader - Did not detect default resource location for test class [ro.ovidiuconeac.foodtavern.webservice.components.food.api.FruitsControllerTest]: class path resource [ro/ovidiuconeac/foodtavern/webservice/components/food/api/FruitsControllerTest-context.xml] does not exist
16:20:44.694 [main] DEBUG org.springframework.test.context.support.AbstractContextLoader - Did not detect default resource location for test class [ro.ovidiuconeac.foodtavern.webservice.components.food.api.FruitsControllerTest]: class path resource [ro/ovidiuconeac/foodtavern/webservice/components/food/api/FruitsControllerTestContext.groovy] does not exist
16:20:44.694 [main] INFO org.springframework.test.context.support.AbstractContextLoader - Could not detect default resource locations for test class [ro.ovidiuconeac.foodtavern.webservice.components.food.api.FruitsControllerTest]: no resource found for suffixes {-context.xml, Context.groovy}.
16:20:44.694 [main] INFO org.springframework.test.context.support.AnnotationConfigContextLoaderUtils - Could not detect default configuration classes for test class [ro.ovidiuconeac.foodtavern.webservice.components.food.api.FruitsControllerTest]: FruitsControllerTest does not declare any static, non-private, non-final, nested classes annotated with @Configuration.
16:20:44.708 [main] DEBUG org.springframework.test.context.support.ActiveProfilesUtils - Could not find an 'annotation declaring class' for annotation type [org.springframework.test.context.ActiveProfiles] and class [ro.ovidiuconeac.foodtavern.webservice.components.food.api.FruitsControllerTest]
16:20:44.708 [main] DEBUG org.springframework.core.env.StandardEnvironment - Adding [systemProperties] PropertySource with lowest search precedence
16:20:44.708 [main] DEBUG org.springframework.core.env.StandardEnvironment - Adding [systemEnvironment] PropertySource with lowest search precedence
16:20:44.708 [main] DEBUG org.springframework.core.env.StandardEnvironment - Initialized StandardEnvironment with PropertySources [systemProperties,systemEnvironment]
16:20:44.709 [main] DEBUG org.springframework.core.io.support.PathMatchingResourcePatternResolver - Resolved classpath location [ro/ovidiuconeac/foodtavern/webservice/components/food/api/] to resources [URL [file:/home/ovidiu/Developer/workspace/Spring/FoodTavern/web-service/target/test-classes/ro/ovidiuconeac/foodtavern/webservice/components/food/api/], URL [file:/home/ovidiu/Developer/workspace/Spring/FoodTavern/web-service/target/classes/ro/ovidiuconeac/foodtavern/webservice/components/food/api/]]
16:20:44.709 [main] DEBUG org.springframework.core.io.support.PathMatchingResourcePatternResolver - Looking for matching resources in directory tree [/home/ovidiu/Developer/workspace/Spring/FoodTavern/web-service/target/test-classes/ro/ovidiuconeac/foodtavern/webservice/components/food/api]
16:20:44.709 [main] DEBUG org.springframework.core.io.support.PathMatchingResourcePatternResolver - Searching directory [/home/ovidiu/Developer/workspace/Spring/FoodTavern/web-service/target/test-classes/ro/ovidiuconeac/foodtavern/webservice/components/food/api] for files matching pattern [/home/ovidiu/Developer/workspace/Spring/FoodTavern/web-service/target/test-classes/ro/ovidiuconeac/foodtavern/webservice/components/food/api/*.class]
16:20:44.709 [main] DEBUG org.springframework.core.io.support.PathMatchingResourcePatternResolver - Looking for matching resources in directory tree [/home/ovidiu/Developer/workspace/Spring/FoodTavern/web-service/target/classes/ro/ovidiuconeac/foodtavern/webservice/components/food/api]
16:20:44.710 [main] DEBUG org.springframework.core.io.support.PathMatchingResourcePatternResolver - Searching directory [/home/ovidiu/Developer/workspace/Spring/FoodTavern/web-service/target/classes/ro/ovidiuconeac/foodtavern/webservice/components/food/api] for files matching pattern [/home/ovidiu/Developer/workspace/Spring/FoodTavern/web-service/target/classes/ro/ovidiuconeac/foodtavern/webservice/components/food/api/*.class]
16:20:44.710 [main] DEBUG org.springframework.core.io.support.PathMatchingResourcePatternResolver - Resolved location pattern [classpath*:ro/ovidiuconeac/foodtavern/webservice/components/food/api/*.class] to resources [file [/home/ovidiu/Developer/workspace/Spring/FoodTavern/web-service/target/test-classes/ro/ovidiuconeac/foodtavern/webservice/components/food/api/CheesesControllerTest.class], file [/home/ovidiu/Developer/workspace/Spring/FoodTavern/web-service/target/test-classes/ro/ovidiuconeac/foodtavern/webservice/components/food/api/ControllerTestSuite.class], file [/home/ovidiu/Developer/workspace/Spring/FoodTavern/web-service/target/test-classes/ro/ovidiuconeac/foodtavern/webservice/components/food/api/FruitsControllerTest.class], file [/home/ovidiu/Developer/workspace/Spring/FoodTavern/web-service/target/test-classes/ro/ovidiuconeac/foodtavern/webservice/components/food/api/SweetsControllerTest.class], file [/home/ovidiu/Developer/workspace/Spring/FoodTavern/web-service/target/classes/ro/ovidiuconeac/foodtavern/webservice/components/food/api/CheesesControllerImpl.class], file [/home/ovidiu/Developer/workspace/Spring/FoodTavern/web-service/target/classes/ro/ovidiuconeac/foodtavern/webservice/components/food/api/FruitsControllerImpl.class], file [/home/ovidiu/Developer/workspace/Spring/FoodTavern/web-service/target/classes/ro/ovidiuconeac/foodtavern/webservice/components/food/api/SweetsControllerImpl.class]]
16:20:44.713 [main] DEBUG org.springframework.core.io.support.PathMatchingResourcePatternResolver - Resolved classpath location [ro/ovidiuconeac/foodtavern/webservice/components/food/] to resources [URL [file:/home/ovidiu/Developer/workspace/Spring/FoodTavern/web-service/target/test-classes/ro/ovidiuconeac/foodtavern/webservice/components/food/], URL [file:/home/ovidiu/Developer/workspace/Spring/FoodTavern/web-service/target/classes/ro/ovidiuconeac/foodtavern/webservice/components/food/]]
16:20:44.713 [main] DEBUG org.springframework.core.io.support.PathMatchingResourcePatternResolver - Looking for matching resources in directory tree [/home/ovidiu/Developer/workspace/Spring/FoodTavern/web-service/target/test-classes/ro/ovidiuconeac/foodtavern/webservice/components/food]
16:20:44.714 [main] DEBUG org.springframework.core.io.support.PathMatchingResourcePatternResolver - Searching directory [/home/ovidiu/Developer/workspace/Spring/FoodTavern/web-service/target/test-classes/ro/ovidiuconeac/foodtavern/webservice/components/food] for files matching pattern [/home/ovidiu/Developer/workspace/Spring/FoodTavern/web-service/target/test-classes/ro/ovidiuconeac/foodtavern/webservice/components/food/*.class]
16:20:44.714 [main] DEBUG org.springframework.core.io.support.PathMatchingResourcePatternResolver - Looking for matching resources in directory tree [/home/ovidiu/Developer/workspace/Spring/FoodTavern/web-service/target/classes/ro/ovidiuconeac/foodtavern/webservice/components/food]
16:20:44.714 [main] DEBUG org.springframework.core.io.support.PathMatchingResourcePatternResolver - Searching directory [/home/ovidiu/Developer/workspace/Spring/FoodTavern/web-service/target/classes/ro/ovidiuconeac/foodtavern/webservice/components/food] for files matching pattern [/home/ovidiu/Developer/workspace/Spring/FoodTavern/web-service/target/classes/ro/ovidiuconeac/foodtavern/webservice/components/food/*.class]
16:20:44.714 [main] DEBUG org.springframework.core.io.support.PathMatchingResourcePatternResolver - Resolved location pattern [classpath*:ro/ovidiuconeac/foodtavern/webservice/components/food/*.class] to resources []
16:20:44.714 [main] DEBUG org.springframework.core.io.support.PathMatchingResourcePatternResolver - Resolved classpath location [ro/ovidiuconeac/foodtavern/webservice/components/] to resources [URL [file:/home/ovidiu/Developer/workspace/Spring/FoodTavern/web-service/target/test-classes/ro/ovidiuconeac/foodtavern/webservice/components/], URL [file:/home/ovidiu/Developer/workspace/Spring/FoodTavern/web-service/target/classes/ro/ovidiuconeac/foodtavern/webservice/components/]]
16:20:44.714 [main] DEBUG org.springframework.core.io.support.PathMatchingResourcePatternResolver - Looking for matching resources in directory tree [/home/ovidiu/Developer/workspace/Spring/FoodTavern/web-service/target/test-classes/ro/ovidiuconeac/foodtavern/webservice/components]
16:20:44.714 [main] DEBUG org.springframework.core.io.support.PathMatchingResourcePatternResolver - Searching directory [/home/ovidiu/Developer/workspace/Spring/FoodTavern/web-service/target/test-classes/ro/ovidiuconeac/foodtavern/webservice/components] for files matching pattern [/home/ovidiu/Developer/workspace/Spring/FoodTavern/web-service/target/test-classes/ro/ovidiuconeac/foodtavern/webservice/components/*.class]
16:20:44.715 [main] DEBUG org.springframework.core.io.support.PathMatchingResourcePatternResolver - Looking for matching resources in directory tree [/home/ovidiu/Developer/workspace/Spring/FoodTavern/web-service/target/classes/ro/ovidiuconeac/foodtavern/webservice/components]
16:20:44.715 [main] DEBUG org.springframework.core.io.support.PathMatchingResourcePatternResolver - Searching directory [/home/ovidiu/Developer/workspace/Spring/FoodTavern/web-service/target/classes/ro/ovidiuconeac/foodtavern/webservice/components] for files matching pattern [/home/ovidiu/Developer/workspace/Spring/FoodTavern/web-service/target/classes/ro/ovidiuconeac/foodtavern/webservice/components/*.class]
16:20:44.715 [main] DEBUG org.springframework.core.io.support.PathMatchingResourcePatternResolver - Resolved location pattern [classpath*:ro/ovidiuconeac/foodtavern/webservice/components/*.class] to resources [file [/home/ovidiu/Developer/workspace/Spring/FoodTavern/web-service/target/classes/ro/ovidiuconeac/foodtavern/webservice/components/Main.class]]
16:20:44.716 [main] DEBUG org.springframework.core.io.support.PathMatchingResourcePatternResolver - Resolved classpath location [ro/ovidiuconeac/foodtavern/webservice/] to resources [URL [file:/home/ovidiu/Developer/workspace/Spring/FoodTavern/web-service/target/test-classes/ro/ovidiuconeac/foodtavern/webservice/], URL [file:/home/ovidiu/Developer/workspace/Spring/FoodTavern/web-service/target/classes/ro/ovidiuconeac/foodtavern/webservice/]]
16:20:44.716 [main] DEBUG org.springframework.core.io.support.PathMatchingResourcePatternResolver - Looking for matching resources in directory tree [/home/ovidiu/Developer/workspace/Spring/FoodTavern/web-service/target/test-classes/ro/ovidiuconeac/foodtavern/webservice]
16:20:44.716 [main] DEBUG org.springframework.core.io.support.PathMatchingResourcePatternResolver - Searching directory [/home/ovidiu/Developer/workspace/Spring/FoodTavern/web-service/target/test-classes/ro/ovidiuconeac/foodtavern/webservice] for files matching pattern [/home/ovidiu/Developer/workspace/Spring/FoodTavern/web-service/target/test-classes/ro/ovidiuconeac/foodtavern/webservice/*.class]
16:20:44.716 [main] DEBUG org.springframework.core.io.support.PathMatchingResourcePatternResolver - Looking for matching resources in directory tree [/home/ovidiu/Developer/workspace/Spring/FoodTavern/web-service/target/classes/ro/ovidiuconeac/foodtavern/webservice]
16:20:44.716 [main] DEBUG org.springframework.core.io.support.PathMatchingResourcePatternResolver - Searching directory [/home/ovidiu/Developer/workspace/Spring/FoodTavern/web-service/target/classes/ro/ovidiuconeac/foodtavern/webservice] for files matching pattern [/home/ovidiu/Developer/workspace/Spring/FoodTavern/web-service/target/classes/ro/ovidiuconeac/foodtavern/webservice/*.class]
16:20:44.716 [main] DEBUG org.springframework.core.io.support.PathMatchingResourcePatternResolver - Resolved location pattern [classpath*:ro/ovidiuconeac/foodtavern/webservice/*.class] to resources []
16:20:44.717 [main] DEBUG org.springframework.core.io.support.PathMatchingResourcePatternResolver - Resolved classpath location [ro/ovidiuconeac/foodtavern/] to resources [URL [file:/home/ovidiu/Developer/workspace/Spring/FoodTavern/web-service/target/test-classes/ro/ovidiuconeac/foodtavern/], URL [file:/home/ovidiu/Developer/workspace/Spring/FoodTavern/web-service/target/classes/ro/ovidiuconeac/foodtavern/], URL [jar:file:/home/ovidiu/Developer/workspace/Spring/FoodTavern/common/target/common-1.0.0.jar!/ro/ovidiuconeac/foodtavern/]]
16:20:44.717 [main] DEBUG org.springframework.core.io.support.PathMatchingResourcePatternResolver - Looking for matching resources in directory tree [/home/ovidiu/Developer/workspace/Spring/FoodTavern/web-service/target/test-classes/ro/ovidiuconeac/foodtavern]
16:20:44.717 [main] DEBUG org.springframework.core.io.support.PathMatchingResourcePatternResolver - Searching directory [/home/ovidiu/Developer/workspace/Spring/FoodTavern/web-service/target/test-classes/ro/ovidiuconeac/foodtavern] for files matching pattern [/home/ovidiu/Developer/workspace/Spring/FoodTavern/web-service/target/test-classes/ro/ovidiuconeac/foodtavern/*.class]
16:20:44.717 [main] DEBUG org.springframework.core.io.support.PathMatchingResourcePatternResolver - Looking for matching resources in directory tree [/home/ovidiu/Developer/workspace/Spring/FoodTavern/web-service/target/classes/ro/ovidiuconeac/foodtavern]
16:20:44.717 [main] DEBUG org.springframework.core.io.support.PathMatchingResourcePatternResolver - Searching directory [/home/ovidiu/Developer/workspace/Spring/FoodTavern/web-service/target/classes/ro/ovidiuconeac/foodtavern] for files matching pattern [/home/ovidiu/Developer/workspace/Spring/FoodTavern/web-service/target/classes/ro/ovidiuconeac/foodtavern/*.class]
16:20:44.717 [main] DEBUG org.springframework.core.io.support.PathMatchingResourcePatternResolver - Looking for matching resources in jar file [file:/home/ovidiu/Developer/workspace/Spring/FoodTavern/common/target/common-1.0.0.jar]
16:20:44.717 [main] DEBUG org.springframework.core.io.support.PathMatchingResourcePatternResolver - Resolved location pattern [classpath*:ro/ovidiuconeac/foodtavern/*.class] to resources []
16:20:44.717 [main] DEBUG org.springframework.core.io.support.PathMatchingResourcePatternResolver - Resolved classpath location [ro/ovidiuconeac/] to resources [URL [file:/home/ovidiu/Developer/workspace/Spring/FoodTavern/web-service/target/test-classes/ro/ovidiuconeac/], URL [file:/home/ovidiu/Developer/workspace/Spring/FoodTavern/web-service/target/classes/ro/ovidiuconeac/], URL [jar:file:/home/ovidiu/Developer/workspace/Spring/FoodTavern/common/target/common-1.0.0.jar!/ro/ovidiuconeac/]]
16:20:44.717 [main] DEBUG org.springframework.core.io.support.PathMatchingResourcePatternResolver - Looking for matching resources in directory tree [/home/ovidiu/Developer/workspace/Spring/FoodTavern/web-service/target/test-classes/ro/ovidiuconeac]
16:20:44.717 [main] DEBUG org.springframework.core.io.support.PathMatchingResourcePatternResolver - Searching directory [/home/ovidiu/Developer/workspace/Spring/FoodTavern/web-service/target/test-classes/ro/ovidiuconeac] for files matching pattern [/home/ovidiu/Developer/workspace/Spring/FoodTavern/web-service/target/test-classes/ro/ovidiuconeac/*.class]
16:20:44.717 [main] DEBUG org.springframework.core.io.support.PathMatchingResourcePatternResolver - Looking for matching resources in directory tree [/home/ovidiu/Developer/workspace/Spring/FoodTavern/web-service/target/classes/ro/ovidiuconeac]
16:20:44.718 [main] DEBUG org.springframework.core.io.support.PathMatchingResourcePatternResolver - Searching directory [/home/ovidiu/Developer/workspace/Spring/FoodTavern/web-service/target/classes/ro/ovidiuconeac] for files matching pattern [/home/ovidiu/Developer/workspace/Spring/FoodTavern/web-service/target/classes/ro/ovidiuconeac/*.class]
16:20:44.718 [main] DEBUG org.springframework.core.io.support.PathMatchingResourcePatternResolver - Looking for matching resources in jar file [file:/home/ovidiu/Developer/workspace/Spring/FoodTavern/common/target/common-1.0.0.jar]
16:20:44.718 [main] DEBUG org.springframework.core.io.support.PathMatchingResourcePatternResolver - Resolved location pattern [classpath*:ro/ovidiuconeac/*.class] to resources []
16:20:44.718 [main] DEBUG org.springframework.core.io.support.PathMatchingResourcePatternResolver - Resolved classpath location [ro/] to resources [URL [file:/home/ovidiu/Developer/workspace/Spring/FoodTavern/web-service/target/test-classes/ro/], URL [file:/home/ovidiu/Developer/workspace/Spring/FoodTavern/web-service/target/classes/ro/], URL [jar:file:/home/ovidiu/Developer/workspace/Spring/FoodTavern/common/target/common-1.0.0.jar!/ro/]]
16:20:44.718 [main] DEBUG org.springframework.core.io.support.PathMatchingResourcePatternResolver - Looking for matching resources in directory tree [/home/ovidiu/Developer/workspace/Spring/FoodTavern/web-service/target/test-classes/ro]
16:20:44.718 [main] DEBUG org.springframework.core.io.support.PathMatchingResourcePatternResolver - Searching directory [/home/ovidiu/Developer/workspace/Spring/FoodTavern/web-service/target/test-classes/ro] for files matching pattern [/home/ovidiu/Developer/workspace/Spring/FoodTavern/web-service/target/test-classes/ro/*.class]
16:20:44.718 [main] DEBUG org.springframework.core.io.support.PathMatchingResourcePatternResolver - Looking for matching resources in directory tree [/home/ovidiu/Developer/workspace/Spring/FoodTavern/web-service/target/classes/ro]
16:20:44.718 [main] DEBUG org.springframework.core.io.support.PathMatchingResourcePatternResolver - Searching directory [/home/ovidiu/Developer/workspace/Spring/FoodTavern/web-service/target/classes/ro] for files matching pattern [/home/ovidiu/Developer/workspace/Spring/FoodTavern/web-service/target/classes/ro/*.class]
16:20:44.718 [main] DEBUG org.springframework.core.io.support.PathMatchingResourcePatternResolver - Looking for matching resources in jar file [file:/home/ovidiu/Developer/workspace/Spring/FoodTavern/common/target/common-1.0.0.jar]
16:20:44.718 [main] DEBUG org.springframework.core.io.support.PathMatchingResourcePatternResolver - Resolved location pattern [classpath*:ro/*.class] to resources []
]]></system-out>
  </testcase>
</testsuite>